[20:04:50] [main/INFO]: Loading tweak class name optifine.OptiFineTweaker
[20:04:50] [main/INFO]: Using primary tweak class name optifine.OptiFineTweaker
[20:04:50] [main/INFO]: Calling tweak class optifine.OptiFineTweaker
[20:04:51] [main/INFO]: Launching wrapped minecraft {net.minecraft.client.main.Main}
[20:04:52] [main/INFO]: [OptiFine] (Reflector) Field not found: World.tileEntitiesToBeRemoved
[20:04:52] [main/INFO]: [OptiFine] (Reflector) Class not present: net.minecraftforge.eventbus.api.Event$Result
[20:04:52] [main/INFO]: [OptiFine] (Reflector) Method not present: net.minecraftforge.common.extensions.IForgeBlockState.hasTileEntity
[20:04:52] [main/INFO]: [OptiFine] (Reflector) Class not present: net.minecraftforge.common.extensions.IForgeEntity
[20:04:52] [main/INFO]: [OptiFine] (Reflector) Class not present: net.minecraftforge.fml.CrashReportExtender
[20:05:01] [main/INFO]: [OptiFine] (Reflector) Class not present: net.minecraftforge.client.ForgeHooksClient
[20:05:02] [main/INFO]: Environment: authHost='https://authserver.mojang.com', accountsHost='https://api.mojang.com', sessionHost='https://sessionserver.mojang.com', servicesHost='https://api.minecraftservices.com', name='PROD'
[20:05:05] [main/ERROR]: Failed to verify authentication
com.mojang.authlib.exceptions.AuthenticationUnavailableException: Cannot contact authentication server
	at com.mojang.authlib.yggdrasil.YggdrasilAuthenticationService.makeRequest(YggdrasilAuthenticationService.java:125) ~[YggdrasilAuthenticationService.class:?]
	at com.mojang.authlib.yggdrasil.YggdrasilSocialInteractionsService.checkPrivileges(YggdrasilSocialInteractionsService.java:94) ~[YggdrasilSocialInteractionsService.class:?]
	at com.mojang.authlib.yggdrasil.YggdrasilSocialInteractionsService.<init>(YggdrasilSocialInteractionsService.java:40) ~[YggdrasilSocialInteractionsService.class:?]
	at com.mojang.authlib.yggdrasil.YggdrasilAuthenticationService.createSocialInteractionsService(YggdrasilAuthenticationService.java:152) ~[YggdrasilAuthenticationService.class:?]
	at djz.a(SourceFile:625) [djz.class:?]
	at djz.<init>(SourceFile:409) [djz.class:?]
	at net.minecraft.client.main.Main.main(SourceFile:177) [Main.class:?]
	at sun.reflect.NativeMethodAccessorImpl.invoke0(Native Method) ~[?:1.8.0_202]
	at sun.reflect.NativeMethodAccessorImpl.invoke(Unknown Source) ~[?:1.8.0_202]
	at sun.reflect.DelegatingMethodAccessorImpl.invoke(Unknown Source) ~[?:1.8.0_202]
	at java.lang.reflect.Method.invoke(Unknown Source) ~[?:1.8.0_202]
	at net.minecraft.launchwrapper.Launch.launch(Launch.java:159) [launchwrapper-of-2.2.jar:2.2]
	at net.minecraft.launchwrapper.Launch.main(Launch.java:30) [launchwrapper-of-2.2.jar:2.2]
Caused by: java.net.UnknownHostException: api.minecraftservices.com
	at java.net.AbstractPlainSocketImpl.connect(Unknown Source) ~[?:1.8.0_202]
	at java.net.PlainSocketImpl.connect(Unknown Source) ~[?:1.8.0_202]
	at java.net.SocksSocketImpl.connect(Unknown Source) ~[?:1.8.0_202]
	at java.net.Socket.connect(Unknown Source) ~[?:1.8.0_202]
	at sun.security.ssl.SSLSocketImpl.connect(Unknown Source) ~[?:1.8.0_202]
	at sun.net.NetworkClient.doConnect(Unknown Source) ~[?:1.8.0_202]
	at sun.net.www.http.HttpClient.openServer(Unknown Source) ~[?:1.8.0_202]
	at sun.net.www.http.HttpClient.openServer(Unknown Source) ~[?:1.8.0_202]
	at sun.net.www.protocol.https.HttpsClient.<init>(Unknown Source) ~[?:1.8.0_202]
	at sun.net.www.protocol.https.HttpsClient.New(Unknown Source) ~[?:1.8.0_202]
	at sun.net.www.protocol.https.AbstractDelegateHttpsURLConnection.getNewHttpClient(Unknown Source) ~[?:1.8.0_202]
	at sun.net.www.protocol.http.HttpURLConnection.plainConnect0(Unknown Source) ~[?:1.8.0_202]
	at sun.net.www.protocol.http.HttpURLConnection.plainConnect(Unknown Source) ~[?:1.8.0_202]
	at sun.net.www.protocol.https.AbstractDelegateHttpsURLConnection.connect(Unknown Source) ~[?:1.8.0_202]
	at sun.net.www.protocol.http.HttpURLConnection.getInputStream0(Unknown Source) ~[?:1.8.0_202]
	at sun.net.www.protocol.http.HttpURLConnection.getInputStream(Unknown Source) ~[?:1.8.0_202]
	at sun.net.www.protocol.https.HttpsURLConnectionImpl.getInputStream(Unknown Source) ~[?:1.8.0_202]
	at com.mojang.authlib.HttpAuthenticationService.performGetRequest(HttpAuthenticationService.java:140) ~[HttpAuthenticationService.class:?]
	at com.mojang.authlib.yggdrasil.YggdrasilAuthenticationService.makeRequest(YggdrasilAuthenticationService.java:104) ~[YggdrasilAuthenticationService.class:?]
	... 12 more
[20:05:06] [main/INFO]: Setting user: Oscar3434
[20:05:07] [main/INFO]: [OptiFine] (Reflector) Class not present: net.minecraftforge.client.settings.KeyConflictContext
[20:05:08] [main/INFO]: [OptiFine] (Reflector) Class not present: net.minecraftforge.client.settings.KeyModifier
[20:05:08] [main/WARN]: Skipping bad option: textBackgroundOpacity:
[20:05:08] [main/INFO]: [STDERR]: java.lang.NumberFormatException: empty String
[20:05:08] [main/INFO]: [STDERR]: 	at sun.misc.FloatingDecimal.readJavaFormatString(Unknown Source)
[20:05:08] [main/INFO]: [STDERR]: 	at sun.misc.FloatingDecimal.parseFloat(Unknown Source)
[20:05:08] [main/INFO]: [STDERR]: 	at java.lang.Float.parseFloat(Unknown Source)
[20:05:08] [main/INFO]: [STDERR]: 	at dkd.a(GameSettings.java:904)
[20:05:08] [main/INFO]: [STDERR]: 	at dkd.a(GameSettings.java:691)
[20:05:08] [main/INFO]: [STDERR]: 	at dkd.<init>(GameSettings.java:353)
[20:05:08] [main/INFO]: [STDERR]: 	at djz.<init>(SourceFile:440)
[20:05:08] [main/INFO]: [STDERR]: 	at net.minecraft.client.main.Main.main(SourceFile:177)
[20:05:08] [main/INFO]: [STDERR]: 	at sun.reflect.NativeMethodAccessorImpl.invoke0(Native Method)
[20:05:08] [main/INFO]: [STDERR]: 	at sun.reflect.NativeMethodAccessorImpl.invoke(Unknown Source)
[20:05:08] [main/INFO]: [STDERR]: 	at sun.reflect.DelegatingMethodAccessorImpl.invoke(Unknown Source)
[20:05:08] [main/INFO]: [STDERR]: 	at java.lang.reflect.Method.invoke(Unknown Source)
[20:05:08] [main/INFO]: [STDERR]: 	at net.minecraft.launchwrapper.Launch.launch(Launch.java:159)
[20:05:08] [main/INFO]: [STDERR]: 	at net.minecraft.launchwrapper.Launch.main(Launch.java:30)
[20:05:08] [main/INFO]: Backend library: LWJGL version 3.2.2 build 10
[20:05:09] [main/INFO]: [OptiFine] (Reflector) Method not present: net.minecraftforge.fml.loading.progress.EarlyProgressVisualization.handOffWindow
[20:05:10] [main/INFO]: [OptiFine] 
[20:05:11] [main/INFO]: [OptiFine] OptiFine_1.16.5_HD_U_G7
[20:05:11] [main/INFO]: [OptiFine] Build: 20210305-003221
[20:05:11] [main/INFO]: [OptiFine] OS: Windows 10 (amd64) version 10.0
[20:05:11] [main/INFO]: [OptiFine] Java: 1.8.0_202, Oracle Corporation
[20:05:11] [main/INFO]: [OptiFine] VM: Java HotSpot(TM) 64-Bit Server VM (mixed mode), Oracle Corporation
[20:05:11] [main/INFO]: [OptiFine] LWJGL: 3.3.0 Win32 WGL EGL OSMesa VisualC DLL
[20:05:11] [main/INFO]: [OptiFine] OpenGL: Intel(R) UHD Graphics 600, version 4.6.0 - Build 27.20.100.8681, Intel
[20:05:11] [main/INFO]: [OptiFine] OpenGL Version: 4.6.0
[20:05:11] [main/INFO]: [OptiFine] OpenGL Fancy fog: Not available (GL_NV_fog_distance)
[20:05:11] [main/INFO]: [OptiFine] Maximum texture size: 8192x8192
[20:05:11] [VersionCheck/INFO]: [OptiFine] Checking for new version
[20:05:11] [main/INFO]: [Shaders] OpenGL Version: 4.6.0 - Build 27.20.100.8681
[20:05:11] [main/INFO]: [Shaders] Vendor:  Intel
[20:05:11] [main/INFO]: [Shaders] Renderer: Intel(R) UHD Graphics 600
[20:05:11] [main/INFO]: [Shaders] Capabilities:  2.0  2.1  3.0  3.2  4.0 
[20:05:11] [main/INFO]: [Shaders] GL_MAX_DRAW_BUFFERS: 8
[20:05:11] [main/INFO]: [Shaders] GL_MAX_COLOR_ATTACHMENTS_EXT: 8
[20:05:11] [main/INFO]: [Shaders] GL_MAX_TEXTURE_IMAGE_UNITS: 32
[20:05:11] [main/INFO]: [Shaders] Load shaders configuration.
[20:05:11] [main/INFO]: [Shaders] No shaderpack loaded.
[20:05:11] [main/INFO]: [OptiFine] (Reflector) Class not present: net.minecraftforge.fml.common.Loader
[20:05:12] [VersionCheck/INFO]: [OptiFine] java.net.UnknownHostException: optifine.net
[20:05:13] [main/INFO]: [OptiFine] (Reflector) Class not present: net.minecraftforge.client.ItemModelMesherForge
[20:05:13] [main/INFO]: [OptiFine] (Reflector) Class not present: net.minecraftforge.client.model.pipeline.ForgeBlockModelRenderer
[20:05:14] [main/INFO]: Narrator library for x64 successfully loaded
[20:05:14] [main/INFO]: [OptiFine] (Reflector) Class not present: net.minecraftforge.fml.client.gui.screen.ModListScreen
[20:05:14] [main/INFO]: [OptiFine] (Reflector) Class not present: net.minecraftforge.client.gui.NotificationModUpdateScreen
[20:05:14] [main/INFO]: Reloading ResourceManager: Default
[20:05:14] [main/INFO]: [OptiFine] *** Reloading textures ***
[20:05:14] [main/INFO]: [OptiFine] Resource packs: Default
[20:05:14] [main/INFO]: [OptiFine] (Reflector) Method not present: eab.canRenderInLayer
[20:05:14] [main/INFO]: [OptiFine] *** Reflector Forge ***
[20:05:14] [main/INFO]: [OptiFine] (Reflector) Class not present: mods.betterfoliage.client.BetterFoliageClient
[20:05:14] [main/INFO]: [OptiFine] (Reflector) Class not present: net.minecraftforge.fml.BrandingControl
[20:05:14] [main/INFO]: [OptiFine] (Reflector) Class not present: net.minecraftforge.common.capabilities.ICapabilityProvider
[20:05:14] [main/INFO]: [OptiFine] (Reflector) Class not present: net.minecraftforge.common.capabilities.CapabilityProvider
[20:05:14] [main/INFO]: [OptiFine] (Reflector) Class not present: net.minecraftforge.fml.client.ClientModLoader
[20:05:14] [main/INFO]: [OptiFine] (Reflector) Class not present: net.minecraftforge.event.world.ChunkDataEvent$Save
[20:05:14] [main/INFO]: [OptiFine] (Reflector) Class not present: net.minecraftforge.event.world.ChunkEvent$Load
[20:05:14] [main/INFO]: [OptiFine] (Reflector) Class not present: net.minecraftforge.event.world.ChunkEvent$Unload
[20:05:14] [main/INFO]: [OptiFine] (Reflector) Class not present: net.minecraftforge.fml.client.ClientHooks
[20:05:14] [main/INFO]: [OptiFine] (Reflector) Class not present: net.minecraftforge.client.event.GuiScreenEvent$DrawScreenEvent$Pre
[20:05:14] [main/INFO]: [OptiFine] (Reflector) Class not present: net.minecraftforge.client.event.GuiScreenEvent$DrawScreenEvent$Post
[20:05:14] [main/INFO]: [OptiFine] (Reflector) Class not present: net.minecraftforge.event.entity.EntityLeaveWorldEvent
[20:05:14] [main/INFO]: [OptiFine] (Reflector) Class not present: net.minecraftforge.client.event.EntityViewRenderEvent$CameraSetup
[20:05:14] [main/INFO]: [OptiFine] (Reflector) Class not present: net.minecraftforge.client.event.EntityViewRenderEvent$FogColors
[20:05:14] [main/INFO]: [OptiFine] (Reflector) Class not present: net.minecraftforge.client.event.EntityViewRenderEvent$RenderFogEvent
[20:05:14] [main/INFO]: [OptiFine] (Reflector) Class not present: net.minecraftforge.event.entity.EntityJoinWorldEvent
[20:05:14] [main/INFO]: [OptiFine] (Reflector) Method not present: net.minecraftforge.eventbus.api.Event.isCanceled
[20:05:14] [main/INFO]: [OptiFine] (Reflector) Method not present: net.minecraftforge.eventbus.api.Event.getResult
[20:05:14] [main/INFO]: [OptiFine] (Reflector) Class not present: net.minecraftforge.eventbus.api.IEventBus
[20:05:14] [main/INFO]: [OptiFine] (Reflector) Class not present: net.minecraftforge.common.extensions.IForgeBlock
[20:05:14] [main/INFO]: [OptiFine] (Reflector) Method not present: eaw.getTexture
[20:05:15] [main/INFO]: [OptiFine] (Reflector) Method not present: net.minecraftforge.common.extensions.IForgeBlockState.addDestroyEffects
[20:05:15] [main/INFO]: [OptiFine] (Reflector) Method not present: net.minecraftforge.common.extensions.IForgeBlockState.addHitEffects
[20:05:15] [main/INFO]: [OptiFine] (Reflector) Method not present: net.minecraftforge.common.extensions.IForgeBlockState.getLightValue
[20:05:15] [main/INFO]: [OptiFine] (Reflector) Method not present: net.minecraftforge.common.extensions.IForgeBlockState.getSoundType
[20:05:15] [main/INFO]: [OptiFine] (Reflector) Method not present: net.minecraftforge.common.extensions.IForgeBlockState.getStateAtViewpoint
[20:05:15] [main/INFO]: [OptiFine] (Reflector) Method not present: net.minecraftforge.common.extensions.IForgeBlockState.isAir
[20:05:15] [main/INFO]: [OptiFine] (Reflector) Method not present: net.minecraftforge.common.extensions.IForgeBlockState.shouldDisplayFluidOverlay
[20:05:15] [main/INFO]: [OptiFine] (Reflector) Class not present: net.minecraftforge.common.extensions.IForgeFluid
[20:05:15] [main/INFO]: [OptiFine] (Reflector) Class not present: net.minecraftforge.fluids.FluidAttributes
[20:05:15] [main/INFO]: [OptiFine] (Reflector) Method not present: aqe.getTags
[20:05:15] [main/INFO]: [OptiFine] (Reflector) Class not present: net.minecraftforge.event.ForgeEventFactory
[20:05:15] [main/INFO]: [OptiFine] (Reflector) Method not present: cuw.getTags
[20:05:15] [main/INFO]: [OptiFine] (Reflector) Class not present: net.minecraftforge.common.ForgeHooks
[20:05:15] [main/INFO]: [OptiFine] (Reflector) Class not present: net.minecraftforge.common.ForgeConfig
[20:05:15] [main/INFO]: [OptiFine] (Reflector) Class not present: net.minecraftforge.common.ForgeConfig$Client
[20:05:15] [main/INFO]: [OptiFine] (Reflector) Class not present: net.minecraftforge.common.ForgeConfigSpec
[20:05:15] [main/INFO]: [OptiFine] (Reflector) Class not present: net.minecraftforge.common.ForgeConfigSpec$ConfigValue
[20:05:15] [main/INFO]: [OptiFine] (Reflector) Method not present: cfw.getWorldForge
[20:05:15] [main/INFO]: [OptiFine] (Reflector) Class not present: net.minecraftforge.common.extensions.IForgeItem
[20:05:15] [main/INFO]: [OptiFine] (Reflector) Class not present: net.minecraftforge.common.extensions.IForgeItemStack
[20:05:15] [main/INFO]: [OptiFine] (Reflector) Class not present: net.minecraftforge.fml.ForgeI18n
[20:05:15] [main/INFO]: [OptiFine] (Reflector) Method not present: djw.setKeyConflictContext
[20:05:15] [main/INFO]: [OptiFine] (Reflector) Method not present: djw.setKeyModifierAndCode
[20:05:15] [main/INFO]: [OptiFine] (Reflector) Method not present: djw.getKeyModifier
[20:05:15] [main/INFO]: [OptiFine] (Reflector) Class not present: net.minecraftforge.common.extensions.IForgeEffectInstance
[20:05:15] [main/INFO]: [OptiFine] (Reflector) Class not present: net.minecraftforge.registries.ForgeRegistryEntry
[20:05:15] [main/INFO]: [OptiFine] (Reflector) Method not present: eab.canRenderInLayer
[20:05:15] [main/INFO]: [OptiFine] (Reflector) Constructor not present: aak, params: class aal, int, class java.lang.Object, boolean
[20:05:15] [main/INFO]: [OptiFine] (Reflector) Method not present: aak.isForceTicks
[20:05:16] [main/INFO]: [OptiFine] (Reflector) Class not present: net.minecraftforge.common.extensions.IForgeTileEntity
[20:05:16] [main/INFO]: [OptiFine] (Reflector) Method not present: dzv.getCloudRenderHandler
[20:05:16] [main/INFO]: [OptiFine] (Reflector) Method not present: dzv.getSkyRenderHandler
[20:05:16] [main/INFO]: [OptiFine] (Reflector) Method not present: dzv.getWeatherParticleRenderHandler
[20:05:16] [main/INFO]: [OptiFine] (Reflector) Method not present: dzv.getWeatherRenderHandler
[20:05:16] [main/INFO]: [OptiFine] (Reflector) Class not present: net.minecraftforge.client.IRenderHandler
[20:05:16] [main/INFO]: [OptiFine] (Reflector) Class not present: net.minecraftforge.client.model.pipeline.LightUtil
[20:05:16] [main/INFO]: [OptiFine] (Reflector) Class not present: net.minecraftforge.common.MinecraftForge
[20:05:16] [main/INFO]: [OptiFine] (Reflector) Class not present: net.minecraftforge.client.MinecraftForgeClient
[20:05:16] [main/INFO]: [OptiFine] (Reflector) Class not present: net.minecraftforge.fml.common.ModContainer
[20:05:16] [main/INFO]: [OptiFine] (Reflector) Class not present: net.minecraftforge.client.model.ModelLoaderRegistry
[20:05:16] [main/INFO]: [OptiFine] (Reflector) Class not present: net.minecraftforge.entity.PartEntity
[20:05:16] [main/INFO]: [OptiFine] (Reflector) Class not present: net.minecraftforge.event.entity.PlaySoundAtEntityEvent
[20:05:16] [main/INFO]: [OptiFine] (Reflector) Class not present: net.minecraftforge.client.event.RenderBlockOverlayEvent$OverlayType
[20:05:16] [main/INFO]: [OptiFine] (Reflector) Class not present: net.minecraftforge.fml.client.registry.RenderingRegistry
[20:05:16] [main/INFO]: [OptiFine] (Reflector) Class not present: net.minecraftforge.client.event.RenderItemInFrameEvent
[20:05:16] [main/INFO]: [OptiFine] (Reflector) Class not present: net.minecraftforge.client.event.RenderLivingEvent$Pre
[20:05:19] [main/INFO]: [OptiFine] (Reflector) Class not present: net.minecraftforge.client.event.RenderLivingEvent$Post
[20:05:19] [main/INFO]: [OptiFine] (Reflector) Class not present: net.minecraftforge.client.event.RenderNameplateEvent
[20:05:19] [main/INFO]: [OptiFine] (Reflector) Class not present: net.minecraftforge.client.event.ScreenshotEvent
[20:05:19] [main/INFO]: [OptiFine] (Reflector) Class not present: net.minecraftforge.fml.server.ServerLifecycleHooks
[20:05:19] [main/INFO]: [OptiFine] (Reflector) Class not present: net.minecraftforge.event.world.WorldEvent$Load
[20:05:19] [main/INFO]: [OptiFine] *** Reflector Vanilla ***
[20:05:23] [Worker-Main-2/INFO]: [OptiFine] Multitexture: false
[20:05:23] [Worker-Main-2/INFO]: [OptiFine] ConnectedTextures: optifine/ctm/default/00_glass_white/glass_pane_white.properties
[20:05:23] [Worker-Main-2/INFO]: [OptiFine] ConnectedTextures: optifine/ctm/default/00_glass_white/glass_white.properties
[20:05:23] [Worker-Main-2/INFO]: [OptiFine] ConnectedTextures: optifine/ctm/default/01_glass_orange/glass_orange.properties
[20:05:23] [Worker-Main-2/INFO]: [OptiFine] ConnectedTextures: optifine/ctm/default/01_glass_orange/glass_pane_orange.properties
[20:05:23] [Worker-Main-2/INFO]: [OptiFine] ConnectedTextures: optifine/ctm/default/02_glass_magenta/glass_magenta.properties
[20:05:23] [Worker-Main-2/INFO]: [OptiFine] ConnectedTextures: optifine/ctm/default/02_glass_magenta/glass_pane_magenta.properties
[20:05:23] [Worker-Main-2/INFO]: [OptiFine] ConnectedTextures: optifine/ctm/default/03_glass_light_blue/glass_light_blue.properties
[20:05:23] [Worker-Main-2/INFO]: [OptiFine] ConnectedTextures: optifine/ctm/default/03_glass_light_blue/glass_pane_light_blue.properties
[20:05:23] [Worker-Main-2/INFO]: [OptiFine] ConnectedTextures: optifine/ctm/default/04_glass_yellow/glass_pane_yellow.properties
[20:05:23] [Worker-Main-2/INFO]: [OptiFine] ConnectedTextures: optifine/ctm/default/04_glass_yellow/glass_yellow.properties
[20:05:23] [Worker-Main-2/INFO]: [OptiFine] ConnectedTextures: optifine/ctm/default/05_glass_lime/glass_lime.properties
[20:05:23] [Worker-Main-2/INFO]: [OptiFine] ConnectedTextures: optifine/ctm/default/05_glass_lime/glass_pane_lime.properties
[20:05:23] [Worker-Main-2/INFO]: [OptiFine] ConnectedTextures: optifine/ctm/default/06_glass_pink/glass_pane_pink.properties
[20:05:23] [Worker-Main-2/INFO]: [OptiFine] ConnectedTextures: optifine/ctm/default/06_glass_pink/glass_pink.properties
[20:05:23] [Worker-Main-2/INFO]: [OptiFine] ConnectedTextures: optifine/ctm/default/07_glass_gray/glass_gray.properties
[20:05:23] [Worker-Main-2/INFO]: [OptiFine] ConnectedTextures: optifine/ctm/default/07_glass_gray/glass_pane_gray.properties
[20:05:23] [Worker-Main-2/INFO]: [OptiFine] ConnectedTextures: optifine/ctm/default/08_glass_light_gray/glass_light_gray.properties
[20:05:23] [Worker-Main-2/INFO]: [OptiFine] ConnectedTextures: optifine/ctm/default/08_glass_light_gray/glass_pane_light_gray.properties
[20:05:23] [Worker-Main-2/INFO]: [OptiFine] ConnectedTextures: optifine/ctm/default/09_glass_cyan/glass_cyan.properties
[20:05:23] [Worker-Main-2/INFO]: [OptiFine] ConnectedTextures: optifine/ctm/default/09_glass_cyan/glass_pane_cyan.properties
[20:05:23] [Worker-Main-2/INFO]: [OptiFine] ConnectedTextures: optifine/ctm/default/10_glass_purple/glass_pane_purple.properties
[20:05:23] [Worker-Main-2/INFO]: [OptiFine] ConnectedTextures: optifine/ctm/default/10_glass_purple/glass_purple.properties
[20:05:23] [Worker-Main-2/INFO]: [OptiFine] ConnectedTextures: optifine/ctm/default/11_glass_blue/glass_blue.properties
[20:05:23] [Worker-Main-2/INFO]: [OptiFine] ConnectedTextures: optifine/ctm/default/11_glass_blue/glass_pane_blue.properties
[20:05:23] [Worker-Main-2/INFO]: [OptiFine] ConnectedTextures: optifine/ctm/default/12_glass_brown/glass_brown.properties
[20:05:23] [Worker-Main-2/INFO]: [OptiFine] ConnectedTextures: optifine/ctm/default/12_glass_brown/glass_pane_brown.properties
[20:05:25] [Worker-Main-2/INFO]: [OptiFine] ConnectedTextures: optifine/ctm/default/13_glass_green/glass_green.properties
[20:05:25] [Worker-Main-2/INFO]: [OptiFine] ConnectedTextures: optifine/ctm/default/13_glass_green/glass_pane_green.properties
[20:05:25] [Worker-Main-2/INFO]: [OptiFine] ConnectedTextures: optifine/ctm/default/14_glass_red/glass_pane_red.properties
[20:05:25] [Worker-Main-2/INFO]: [OptiFine] ConnectedTextures: optifine/ctm/default/14_glass_red/glass_red.properties
[20:05:25] [Worker-Main-2/INFO]: [OptiFine] ConnectedTextures: optifine/ctm/default/15_glass_black/glass_black.properties
[20:05:25] [Worker-Main-2/INFO]: [OptiFine] ConnectedTextures: optifine/ctm/default/15_glass_black/glass_pane_black.properties
[20:05:25] [Worker-Main-2/INFO]: [OptiFine] ConnectedTextures: optifine/ctm/default/20_glass/glass.properties
[20:05:25] [Worker-Main-2/INFO]: [OptiFine] ConnectedTextures: optifine/ctm/default/20_glass/glass_pane.properties
[20:05:25] [Worker-Main-2/INFO]: [OptiFine] ConnectedTextures: optifine/ctm/default/30_bookshelf/bookshelf.properties
[20:05:25] [Worker-Main-2/INFO]: [OptiFine] ConnectedTextures: optifine/ctm/default/40_sandstone/sandstone.properties
[20:05:25] [Worker-Main-2/INFO]: [OptiFine] ConnectedTextures: optifine/ctm/default/41_red_sandstone/red_sandstone.properties
[20:05:25] [Worker-Main-2/INFO]: [OptiFine] Multipass connected textures: false
[20:05:25] [Worker-Main-2/INFO]: [OptiFine] BetterGrass: Parsing default configuration optifine/bettergrass.properties
[20:05:28] [Worker-Main-2/INFO]: [OptiFine] Mipmap levels: 4
[20:05:28] [Worker-Main-3/INFO]: [OptiFine] Multitexture: false
[20:05:28] [Worker-Main-4/INFO]: [OptiFine] Multitexture: false
[20:05:28] [Worker-Main-5/INFO]: [OptiFine] Multitexture: false
[20:05:30] [Worker-Main-2/INFO]: [OptiFine] Multitexture: false
[20:05:30] [Worker-Main-2/INFO]: [OptiFine] Sprite size: 64
[20:05:30] [Worker-Main-2/INFO]: [OptiFine] Mipmap levels: 6
[20:05:30] [Worker-Main-2/INFO]: [OptiFine] Multitexture: false
[20:05:30] [Worker-Main-2/INFO]: [OptiFine] Sprite size: 64
[20:05:30] [Worker-Main-2/INFO]: [OptiFine] Mipmap levels: 6
[20:05:30] [Worker-Main-2/INFO]: [OptiFine] Multitexture: false
[20:05:30] [Worker-Main-2/INFO]: [OptiFine] Sprite size: 64
[20:05:30] [Worker-Main-2/INFO]: [OptiFine] Mipmap levels: 6
[20:05:30] [Worker-Main-2/INFO]: [OptiFine] Multitexture: false
[20:05:30] [Worker-Main-2/INFO]: [OptiFine] Sprite size: 64
[20:05:30] [Worker-Main-2/INFO]: [OptiFine] Mipmap levels: 6
[20:05:30] [Worker-Main-2/INFO]: [OptiFine] Multitexture: false
[20:05:30] [Worker-Main-2/INFO]: [OptiFine] Sprite size: 64
[20:05:30] [Worker-Main-2/INFO]: [OptiFine] Mipmap levels: 6
[20:05:30] [Worker-Main-2/INFO]: [OptiFine] Multitexture: false
[20:05:30] [Worker-Main-2/INFO]: [OptiFine] Sprite size: 64
[20:05:30] [Worker-Main-2/INFO]: [OptiFine] Mipmap levels: 6
[20:05:33] [main/INFO]: OpenAL initialized.
[20:05:33] [main/INFO]: Sound engine started
[20:05:34] [main/INFO]: Created: 1024x512x4 minecraft:textures/atlas/blocks.png-atlas
[20:05:34] [main/INFO]: [OptiFine] Animated sprites: 43
[20:05:34] [main/INFO]: Created: 256x128x4 minecraft:textures/atlas/signs.png-atlas
[20:05:34] [main/INFO]: [OptiFine] Animated sprites: 0
[20:05:34] [main/INFO]: Created: 512x512x4 minecraft:textures/atlas/banner_patterns.png-atlas
[20:05:34] [main/INFO]: [OptiFine] Animated sprites: 0
[20:05:34] [main/INFO]: Created: 512x512x4 minecraft:textures/atlas/shield_patterns.png-atlas
[20:05:34] [main/INFO]: [OptiFine] Animated sprites: 0
[20:05:34] [main/INFO]: Created: 256x256x4 minecraft:textures/atlas/chest.png-atlas
[20:05:34] [main/INFO]: [OptiFine] Animated sprites: 0
[20:05:34] [main/INFO]: Created: 512x256x4 minecraft:textures/atlas/beds.png-atlas
[20:05:34] [main/INFO]: [OptiFine] Animated sprites: 0
[20:05:34] [main/INFO]: Created: 512x256x4 minecraft:textures/atlas/shulker_boxes.png-atlas
[20:05:34] [main/INFO]: [OptiFine] Animated sprites: 0
[20:05:36] [main/INFO]: Created: 256x256x0 minecraft:textures/atlas/particles.png-atlas
[20:05:36] [main/INFO]: [OptiFine] Animated sprites: 0
[20:05:36] [main/INFO]: Created: 256x256x0 minecraft:textures/atlas/paintings.png-atlas
[20:05:36] [main/INFO]: [OptiFine] Animated sprites: 0
[20:05:36] [main/INFO]: Created: 128x128x0 minecraft:textures/atlas/mob_effects.png-atlas
[20:05:36] [main/INFO]: [OptiFine] Animated sprites: 0
[20:05:36] [main/INFO]: [OptiFine] *** Reloading custom textures ***
[20:05:37] [main/INFO]: [OptiFine] Disable Forge light pipeline
[20:06:17] [main/INFO]: Stopping!
